[0.006s] Invoking command in '/home/zech/ros2_ws/build/eclipse_ackermann': CMAKE_PREFIX_PATH=${CMAKE_PREFIX_PATH}:/opt/ros/humble /usr/bin/cmake /home/zech/ros2_ws/src/eclipse_ackermann -DCMAKE_INSTALL_PREFIX=/home/zech/ros2_ws/install/eclipse_ackermann
[0.105s] -- The C compiler identification is GNU 11.4.0
[0.182s] -- The CXX compiler identification is GNU 11.4.0
[0.188s] -- Detecting C compiler ABI info
[0.240s] -- Detecting C compiler ABI info - done
[0.245s] -- Check for working C compiler: /usr/bin/cc - skipped
[0.245s] -- Detecting C compile features
[0.246s] -- Detecting C compile features - done
[0.248s] -- Detecting CXX compiler ABI info
[0.303s] -- Detecting CXX compiler ABI info - done
[0.307s] -- Check for working CXX compiler: /usr/bin/c++ - skipped
[0.307s] -- Detecting CXX compile features
[0.307s] -- Detecting CXX compile features - done
[0.309s] -- Found ament_cmake: 1.3.12 (/opt/ros/humble/share/ament_cmake/cmake)
[0.400s] -- Found Python3: /usr/bin/python3 (found version "3.10.12") found components: Interpreter 
[0.455s] -- Found xacro: 2.1.1 (/opt/ros/humble/share/xacro/cmake)
[0.456s] -- Found rclpy: 3.3.17 (/opt/ros/humble/share/rclpy/cmake)
[0.458s] -- Found geometry_msgs: 4.9.0 (/opt/ros/humble/share/geometry_msgs/cmake)
[0.480s] -- Found rosidl_generator_c: 3.1.7 (/opt/ros/humble/share/rosidl_generator_c/cmake)
[0.483s] -- Found rosidl_adapter: 3.1.7 (/opt/ros/humble/share/rosidl_adapter/cmake)
[0.488s] -- Found rosidl_generator_cpp: 3.1.7 (/opt/ros/humble/share/rosidl_generator_cpp/cmake)
[0.495s] -- Using all available rosidl_typesupport_c: rosidl_typesupport_fastrtps_c;rosidl_typesupport_introspection_c
[0.504s] -- Using all available rosidl_typesupport_cpp: rosidl_typesupport_fastrtps_cpp;rosidl_typesupport_introspection_cpp
[0.526s] -- Found ackermann_msgs: 2.0.2 (/opt/ros/humble/share/ackermann_msgs/cmake)
[0.570s] -- Configuring done
[0.572s] -- Generating done
[0.572s] -- Build files have been written to: /home/zech/ros2_ws/build/eclipse_ackermann
[0.577s] Invoked command in '/home/zech/ros2_ws/build/eclipse_ackermann' returned '0': CMAKE_PREFIX_PATH=${CMAKE_PREFIX_PATH}:/opt/ros/humble /usr/bin/cmake /home/zech/ros2_ws/src/eclipse_ackermann -DCMAKE_INSTALL_PREFIX=/home/zech/ros2_ws/install/eclipse_ackermann
[0.578s] Invoking command in '/home/zech/ros2_ws/build/eclipse_ackermann': CMAKE_PREFIX_PATH=${CMAKE_PREFIX_PATH}:/opt/ros/humble /usr/bin/cmake --build /home/zech/ros2_ws/build/eclipse_ackermann -- -j20 -l20
[0.604s] Invoked command in '/home/zech/ros2_ws/build/eclipse_ackermann' returned '0': CMAKE_PREFIX_PATH=${CMAKE_PREFIX_PATH}:/opt/ros/humble /usr/bin/cmake --build /home/zech/ros2_ws/build/eclipse_ackermann -- -j20 -l20
[0.609s] Invoking command in '/home/zech/ros2_ws/build/eclipse_ackermann': CMAKE_PREFIX_PATH=${CMAKE_PREFIX_PATH}:/opt/ros/humble /usr/bin/cmake --install /home/zech/ros2_ws/build/eclipse_ackermann
[0.613s] -- Install configuration: ""
[0.613s] -- Installing: /home/zech/ros2_ws/install/eclipse_ackermann/share/eclipse_ackermann/launch
[0.613s] -- Installing: /home/zech/ros2_ws/install/eclipse_ackermann/share/eclipse_ackermann/launch/sim.launch.py
[0.613s] -- Installing: /home/zech/ros2_ws/install/eclipse_ackermann/share/eclipse_ackermann/urdf
[0.613s] -- Installing: /home/zech/ros2_ws/install/eclipse_ackermann/share/eclipse_ackermann/urdf/eclipse_ackermann.urdf.xacro
[0.613s] -- Installing: /home/zech/ros2_ws/install/eclipse_ackermann/share/eclipse_ackermann/config
[0.613s] -- Installing: /home/zech/ros2_ws/install/eclipse_ackermann/share/eclipse_ackermann/worlds
[0.613s] -- Installing: /home/zech/ros2_ws/install/eclipse_ackermann/share/eclipse_ackermann/worlds/empty.world.sdf
[0.614s] -- Installing: /home/zech/ros2_ws/install/eclipse_ackermann/lib/eclipse_ackermann/pure_pursuit_ackermann.py
[0.614s] -- Installing: /home/zech/ros2_ws/install/eclipse_ackermann/share/ament_index/resource_index/package_run_dependencies/eclipse_ackermann
[0.614s] -- Installing: /home/zech/ros2_ws/install/eclipse_ackermann/share/ament_index/resource_index/parent_prefix_path/eclipse_ackermann
[0.614s] -- Installing: /home/zech/ros2_ws/install/eclipse_ackermann/share/eclipse_ackermann/environment/ament_prefix_path.sh
[0.614s] -- Installing: /home/zech/ros2_ws/install/eclipse_ackermann/share/eclipse_ackermann/environment/ament_prefix_path.dsv
[0.614s] -- Installing: /home/zech/ros2_ws/install/eclipse_ackermann/share/eclipse_ackermann/environment/path.sh
[0.614s] -- Installing: /home/zech/ros2_ws/install/eclipse_ackermann/share/eclipse_ackermann/environment/path.dsv
[0.614s] -- Installing: /home/zech/ros2_ws/install/eclipse_ackermann/share/eclipse_ackermann/local_setup.bash
[0.614s] -- Installing: /home/zech/ros2_ws/install/eclipse_ackermann/share/eclipse_ackermann/local_setup.sh
[0.614s] -- Installing: /home/zech/ros2_ws/install/eclipse_ackermann/share/eclipse_ackermann/local_setup.zsh
[0.614s] -- Installing: /home/zech/ros2_ws/install/eclipse_ackermann/share/eclipse_ackermann/local_setup.dsv
[0.614s] -- Installing: /home/zech/ros2_ws/install/eclipse_ackermann/share/eclipse_ackermann/package.dsv
[0.614s] -- Installing: /home/zech/ros2_ws/install/eclipse_ackermann/share/ament_index/resource_index/packages/eclipse_ackermann
[0.614s] -- Installing: /home/zech/ros2_ws/install/eclipse_ackermann/share/eclipse_ackermann/cmake/eclipse_ackermannConfig.cmake
[0.614s] -- Installing: /home/zech/ros2_ws/install/eclipse_ackermann/share/eclipse_ackermann/cmake/eclipse_ackermannConfig-version.cmake
[0.614s] -- Installing: /home/zech/ros2_ws/install/eclipse_ackermann/share/eclipse_ackermann/package.xml
[0.615s] Invoked command in '/home/zech/ros2_ws/build/eclipse_ackermann' returned '0': CMAKE_PREFIX_PATH=${CMAKE_PREFIX_PATH}:/opt/ros/humble /usr/bin/cmake --install /home/zech/ros2_ws/build/eclipse_ackermann
