[0.049s] DEBUG:colcon:Command line arguments: ['/usr/bin/colcon', 'build']
[0.049s] DEBUG:colcon:Parsed command line arguments: Namespace(log_base=None, log_level=None, verb_name='build', build_base='build', install_base='install', merge_install=False, symlink_install=False, test_result_base=None, continue_on_error=False, executor='parallel', parallel_workers=20, event_handlers=None, ignore_user_meta=False, metas=['./colcon.meta'], base_paths=['.'], packages_ignore=None, packages_ignore_regex=None, paths=None, packages_up_to=None, packages_up_to_regex=None, packages_above=None, packages_above_and_dependencies=None, packages_above_depth=None, packages_select_by_dep=None, packages_skip_by_dep=None, packages_skip_up_to=None, packages_select_build_failed=False, packages_skip_build_finished=False, packages_select_test_failures=False, packages_skip_test_passed=False, packages_select=None, packages_skip=None, packages_select_regex=None, packages_skip_regex=None, packages_start=None, packages_end=None, allow_overriding=[], cmake_args=None, cmake_target=None, cmake_target_skip_unavailable=False, cmake_clean_cache=False, cmake_clean_first=False, cmake_force_configure=False, ament_cmake_args=None, catkin_cmake_args=None, catkin_skip_building_tests=False, verb_parser=<colcon_defaults.argument_parser.defaults.DefaultArgumentsDecorator object at 0x75b73ae64850>, verb_extension=<colcon_core.verb.build.BuildVerb object at 0x75b73ae641c0>, main=<bound method BuildVerb.main of <colcon_core.verb.build.BuildVerb object at 0x75b73ae641c0>>)
[0.124s] Level 1:colcon.colcon_core.package_discovery:discover_packages(colcon_meta) check parameters
[0.124s] Level 1:colcon.colcon_core.package_discovery:discover_packages(recursive) check parameters
[0.124s] Level 1:colcon.colcon_core.package_discovery:discover_packages(ignore) check parameters
[0.124s] Level 1:colcon.colcon_core.package_discovery:discover_packages(path) check parameters
[0.124s] Level 1:colcon.colcon_core.package_discovery:discover_packages(colcon_meta) discover
[0.124s] Level 1:colcon.colcon_core.package_discovery:discover_packages(recursive) discover
[0.124s] INFO:colcon.colcon_core.package_discovery:Crawling recursively for packages in '/home/zech/ros2_ws/src/eclipse_diffdrive'
[0.124s] Level 1:colcon.colcon_core.package_identification:_identify(.) by extensions ['ignore', 'ignore_ament_install']
[0.124s] Level 1:colcon.colcon_core.package_identification:_identify(.) by extension 'ignore'
[0.124s] Level 1:colcon.colcon_core.package_identification:_identify(.) by extension 'ignore_ament_install'
[0.124s] Level 1:colcon.colcon_core.package_identification:_identify(.) by extensions ['colcon_pkg']
[0.124s] Level 1:colcon.colcon_core.package_identification:_identify(.) by extension 'colcon_pkg'
[0.124s] Level 1:colcon.colcon_core.package_identification:_identify(.) by extensions ['colcon_meta']
[0.124s] Level 1:colcon.colcon_core.package_identification:_identify(.) by extension 'colcon_meta'
[0.124s] Level 1:colcon.colcon_core.package_identification:_identify(.) by extensions ['ros']
[0.124s] Level 1:colcon.colcon_core.package_identification:_identify(.) by extension 'ros'
[0.131s] DEBUG:colcon.colcon_core.package_identification:Package '.' with type 'ros.ament_cmake' and name 'eclipse_diffdrive'
[0.131s] Level 1:colcon.colcon_core.package_discovery:discover_packages(recursive) using defaults
[0.131s] Level 1:colcon.colcon_core.package_discovery:discover_packages(ignore) discover
[0.131s] Level 1:colcon.colcon_core.package_discovery:discover_packages(ignore) using defaults
[0.131s] Level 1:colcon.colcon_core.package_discovery:discover_packages(path) discover
[0.131s] Level 1:colcon.colcon_core.package_discovery:discover_packages(path) using defaults
[0.145s] Level 1:colcon.colcon_core.package_discovery:discover_packages(prefix_path) check parameters
[0.145s] Level 1:colcon.colcon_core.package_discovery:discover_packages(prefix_path) discover
[0.145s] DEBUG:colcon.colcon_installed_package_information.package_discovery:Found 1 installed packages in /home/zech/ros2_ws/src/eclipse_diffdrive/install
[0.145s] DEBUG:colcon.colcon_installed_package_information.package_discovery:Found 0 installed packages in /home/zech/ros2_ws/install
[0.146s] DEBUG:colcon.colcon_installed_package_information.package_discovery:Found 468 installed packages in /opt/ros/humble
[0.147s] Level 1:colcon.colcon_core.package_discovery:discover_packages(prefix_path) using defaults
[0.171s] Level 5:colcon.colcon_core.verb:set package 'eclipse_diffdrive' build argument 'cmake_args' from command line to 'None'
[0.172s] Level 5:colcon.colcon_core.verb:set package 'eclipse_diffdrive' build argument 'cmake_target' from command line to 'None'
[0.172s] Level 5:colcon.colcon_core.verb:set package 'eclipse_diffdrive' build argument 'cmake_target_skip_unavailable' from command line to 'False'
[0.172s] Level 5:colcon.colcon_core.verb:set package 'eclipse_diffdrive' build argument 'cmake_clean_cache' from command line to 'False'
[0.172s] Level 5:colcon.colcon_core.verb:set package 'eclipse_diffdrive' build argument 'cmake_clean_first' from command line to 'False'
[0.172s] Level 5:colcon.colcon_core.verb:set package 'eclipse_diffdrive' build argument 'cmake_force_configure' from command line to 'False'
[0.172s] Level 5:colcon.colcon_core.verb:set package 'eclipse_diffdrive' build argument 'ament_cmake_args' from command line to 'None'
[0.172s] Level 5:colcon.colcon_core.verb:set package 'eclipse_diffdrive' build argument 'catkin_cmake_args' from command line to 'None'
[0.172s] Level 5:colcon.colcon_core.verb:set package 'eclipse_diffdrive' build argument 'catkin_skip_building_tests' from command line to 'False'
[0.172s] DEBUG:colcon.colcon_core.verb:Building package 'eclipse_diffdrive' with the following arguments: {'ament_cmake_args': None, 'build_base': '/home/zech/ros2_ws/src/eclipse_diffdrive/build/eclipse_diffdrive', 'catkin_cmake_args': None, 'catkin_skip_building_tests': False, 'cmake_args': None, 'cmake_clean_cache': False, 'cmake_clean_first': False, 'cmake_force_configure': False, 'cmake_target': None, 'cmake_target_skip_unavailable': False, 'install_base': '/home/zech/ros2_ws/src/eclipse_diffdrive/install/eclipse_diffdrive', 'merge_install': False, 'path': '/home/zech/ros2_ws/src/eclipse_diffdrive', 'symlink_install': False, 'test_result_base': None}
[0.172s] INFO:colcon.colcon_core.executor:Executing jobs using 'parallel' executor
[0.172s] DEBUG:colcon.colcon_parallel_executor.executor.parallel:run_until_complete
[0.172s] INFO:colcon.colcon_ros.task.ament_cmake.build:Building ROS package in '/home/zech/ros2_ws/src/eclipse_diffdrive' with build type 'ament_cmake'
[0.172s] INFO:colcon.colcon_cmake.task.cmake.build:Building CMake package in '/home/zech/ros2_ws/src/eclipse_diffdrive'
[0.173s] INFO:colcon.colcon_core.plugin_system:Skipping extension 'colcon_core.shell.bat': Not used on non-Windows systems
[0.174s] INFO:colcon.colcon_core.shell:Skip shell extension 'powershell' for command environment: Not usable outside of PowerShell
[0.174s] DEBUG:colcon.colcon_core.shell:Skip shell extension 'dsv' for command environment
[0.180s] DEBUG:colcon.colcon_core.event_handler.log_command:Invoking command in '/home/zech/ros2_ws/src/eclipse_diffdrive/build/eclipse_diffdrive': CMAKE_PREFIX_PATH=${CMAKE_PREFIX_PATH}:/opt/ros/humble /usr/bin/cmake --build /home/zech/ros2_ws/src/eclipse_diffdrive/build/eclipse_diffdrive -- -j20 -l20
[0.207s] DEBUG:colcon.colcon_core.event_handler.log_command:Invoked command in '/home/zech/ros2_ws/src/eclipse_diffdrive/build/eclipse_diffdrive' returned '0': CMAKE_PREFIX_PATH=${CMAKE_PREFIX_PATH}:/opt/ros/humble /usr/bin/cmake --build /home/zech/ros2_ws/src/eclipse_diffdrive/build/eclipse_diffdrive -- -j20 -l20
[0.216s] DEBUG:colcon.colcon_core.event_handler.log_command:Invoking command in '/home/zech/ros2_ws/src/eclipse_diffdrive/build/eclipse_diffdrive': CMAKE_PREFIX_PATH=${CMAKE_PREFIX_PATH}:/opt/ros/humble /usr/bin/cmake --install /home/zech/ros2_ws/src/eclipse_diffdrive/build/eclipse_diffdrive
[0.221s] Level 1:colcon.colcon_core.environment:create_environment_scripts_only(eclipse_diffdrive)
[0.222s] DEBUG:colcon.colcon_core.event_handler.log_command:Invoked command in '/home/zech/ros2_ws/src/eclipse_diffdrive/build/eclipse_diffdrive' returned '0': CMAKE_PREFIX_PATH=${CMAKE_PREFIX_PATH}:/opt/ros/humble /usr/bin/cmake --install /home/zech/ros2_ws/src/eclipse_diffdrive/build/eclipse_diffdrive
[0.223s] Level 1:colcon.colcon_core.environment:checking '/home/zech/ros2_ws/src/eclipse_diffdrive/install/eclipse_diffdrive' for CMake module files
[0.223s] Level 1:colcon.colcon_core.environment:checking '/home/zech/ros2_ws/src/eclipse_diffdrive/install/eclipse_diffdrive' for CMake config files
[0.224s] Level 1:colcon.colcon_core.shell:create_environment_hook('eclipse_diffdrive', 'cmake_prefix_path')
[0.224s] INFO:colcon.colcon_core.shell:Creating environment hook '/home/zech/ros2_ws/src/eclipse_diffdrive/install/eclipse_diffdrive/share/eclipse_diffdrive/hook/cmake_prefix_path.ps1'
[0.224s] INFO:colcon.colcon_core.shell:Creating environment descriptor '/home/zech/ros2_ws/src/eclipse_diffdrive/install/eclipse_diffdrive/share/eclipse_diffdrive/hook/cmake_prefix_path.dsv'
[0.225s] INFO:colcon.colcon_core.shell:Creating environment hook '/home/zech/ros2_ws/src/eclipse_diffdrive/install/eclipse_diffdrive/share/eclipse_diffdrive/hook/cmake_prefix_path.sh'
[0.225s] Level 1:colcon.colcon_core.environment:checking '/home/zech/ros2_ws/src/eclipse_diffdrive/install/eclipse_diffdrive/bin'
[0.225s] Level 1:colcon.colcon_core.environment:checking '/home/zech/ros2_ws/src/eclipse_diffdrive/install/eclipse_diffdrive/lib/pkgconfig/eclipse_diffdrive.pc'
[0.226s] Level 1:colcon.colcon_core.environment:checking '/home/zech/ros2_ws/src/eclipse_diffdrive/install/eclipse_diffdrive/lib/python3.10/site-packages'
[0.226s] Level 1:colcon.colcon_core.environment:checking '/home/zech/ros2_ws/src/eclipse_diffdrive/install/eclipse_diffdrive/bin'
[0.226s] INFO:colcon.colcon_core.shell:Creating package script '/home/zech/ros2_ws/src/eclipse_diffdrive/install/eclipse_diffdrive/share/eclipse_diffdrive/package.ps1'
[0.227s] INFO:colcon.colcon_core.shell:Creating package descriptor '/home/zech/ros2_ws/src/eclipse_diffdrive/install/eclipse_diffdrive/share/eclipse_diffdrive/package.dsv'
[0.227s] INFO:colcon.colcon_core.shell:Creating package script '/home/zech/ros2_ws/src/eclipse_diffdrive/install/eclipse_diffdrive/share/eclipse_diffdrive/package.sh'
[0.228s] INFO:colcon.colcon_core.shell:Creating package script '/home/zech/ros2_ws/src/eclipse_diffdrive/install/eclipse_diffdrive/share/eclipse_diffdrive/package.bash'
[0.229s] INFO:colcon.colcon_core.shell:Creating package script '/home/zech/ros2_ws/src/eclipse_diffdrive/install/eclipse_diffdrive/share/eclipse_diffdrive/package.zsh'
[0.230s] Level 1:colcon.colcon_core.environment:create_file_with_runtime_dependencies(/home/zech/ros2_ws/src/eclipse_diffdrive/install/eclipse_diffdrive/share/colcon-core/packages/eclipse_diffdrive)
[0.230s] Level 1:colcon.colcon_core.environment:create_environment_scripts_only(eclipse_diffdrive)
[0.230s] Level 1:colcon.colcon_core.environment:checking '/home/zech/ros2_ws/src/eclipse_diffdrive/install/eclipse_diffdrive' for CMake module files
[0.231s] Level 1:colcon.colcon_core.environment:checking '/home/zech/ros2_ws/src/eclipse_diffdrive/install/eclipse_diffdrive' for CMake config files
[0.231s] Level 1:colcon.colcon_core.shell:create_environment_hook('eclipse_diffdrive', 'cmake_prefix_path')
[0.231s] INFO:colcon.colcon_core.shell:Creating environment hook '/home/zech/ros2_ws/src/eclipse_diffdrive/install/eclipse_diffdrive/share/eclipse_diffdrive/hook/cmake_prefix_path.ps1'
[0.232s] INFO:colcon.colcon_core.shell:Creating environment descriptor '/home/zech/ros2_ws/src/eclipse_diffdrive/install/eclipse_diffdrive/share/eclipse_diffdrive/hook/cmake_prefix_path.dsv'
[0.232s] INFO:colcon.colcon_core.shell:Creating environment hook '/home/zech/ros2_ws/src/eclipse_diffdrive/install/eclipse_diffdrive/share/eclipse_diffdrive/hook/cmake_prefix_path.sh'
[0.233s] Level 1:colcon.colcon_core.environment:checking '/home/zech/ros2_ws/src/eclipse_diffdrive/install/eclipse_diffdrive/bin'
[0.233s] Level 1:colcon.colcon_core.environment:checking '/home/zech/ros2_ws/src/eclipse_diffdrive/install/eclipse_diffdrive/lib/pkgconfig/eclipse_diffdrive.pc'
[0.233s] Level 1:colcon.colcon_core.environment:checking '/home/zech/ros2_ws/src/eclipse_diffdrive/install/eclipse_diffdrive/lib/python3.10/site-packages'
[0.233s] Level 1:colcon.colcon_core.environment:checking '/home/zech/ros2_ws/src/eclipse_diffdrive/install/eclipse_diffdrive/bin'
[0.234s] INFO:colcon.colcon_core.shell:Creating package script '/home/zech/ros2_ws/src/eclipse_diffdrive/install/eclipse_diffdrive/share/eclipse_diffdrive/package.ps1'
[0.234s] INFO:colcon.colcon_core.shell:Creating package descriptor '/home/zech/ros2_ws/src/eclipse_diffdrive/install/eclipse_diffdrive/share/eclipse_diffdrive/package.dsv'
[0.235s] INFO:colcon.colcon_core.shell:Creating package script '/home/zech/ros2_ws/src/eclipse_diffdrive/install/eclipse_diffdrive/share/eclipse_diffdrive/package.sh'
[0.235s] INFO:colcon.colcon_core.shell:Creating package script '/home/zech/ros2_ws/src/eclipse_diffdrive/install/eclipse_diffdrive/share/eclipse_diffdrive/package.bash'
[0.236s] INFO:colcon.colcon_core.shell:Creating package script '/home/zech/ros2_ws/src/eclipse_diffdrive/install/eclipse_diffdrive/share/eclipse_diffdrive/package.zsh'
[0.236s] Level 1:colcon.colcon_core.environment:create_file_with_runtime_dependencies(/home/zech/ros2_ws/src/eclipse_diffdrive/install/eclipse_diffdrive/share/colcon-core/packages/eclipse_diffdrive)
[0.236s] DEBUG:colcon.colcon_parallel_executor.executor.parallel:closing loop
[0.236s] DEBUG:colcon.colcon_parallel_executor.executor.parallel:loop closed
[0.237s] DEBUG:colcon.colcon_parallel_executor.executor.parallel:run_until_complete finished with '0'
[0.237s] DEBUG:colcon.colcon_core.event_reactor:joining thread
[0.240s] INFO:colcon.colcon_core.plugin_system:Skipping extension 'colcon_notification.desktop_notification.terminal_notifier': Not used on non-Darwin systems
[0.240s] INFO:colcon.colcon_core.plugin_system:Skipping extension 'colcon_notification.desktop_notification.win32': Not used on non-Windows systems
[0.240s] INFO:colcon.colcon_notification.desktop_notification:Sending desktop notification using 'notify2'
[0.250s] DEBUG:colcon.colcon_core.event_reactor:joined thread
[0.251s] INFO:colcon.colcon_core.shell:Creating prefix script '/home/zech/ros2_ws/src/eclipse_diffdrive/install/local_setup.ps1'
[0.252s] INFO:colcon.colcon_core.shell:Creating prefix util module '/home/zech/ros2_ws/src/eclipse_diffdrive/install/_local_setup_util_ps1.py'
[0.253s] INFO:colcon.colcon_core.shell:Creating prefix chain script '/home/zech/ros2_ws/src/eclipse_diffdrive/install/setup.ps1'
[0.255s] INFO:colcon.colcon_core.shell:Creating prefix script '/home/zech/ros2_ws/src/eclipse_diffdrive/install/local_setup.sh'
[0.255s] INFO:colcon.colcon_core.shell:Creating prefix util module '/home/zech/ros2_ws/src/eclipse_diffdrive/install/_local_setup_util_sh.py'
[0.256s] INFO:colcon.colcon_core.shell:Creating prefix chain script '/home/zech/ros2_ws/src/eclipse_diffdrive/install/setup.sh'
[0.257s] INFO:colcon.colcon_core.shell:Creating prefix script '/home/zech/ros2_ws/src/eclipse_diffdrive/install/local_setup.bash'
[0.257s] INFO:colcon.colcon_core.shell:Creating prefix chain script '/home/zech/ros2_ws/src/eclipse_diffdrive/install/setup.bash'
[0.258s] INFO:colcon.colcon_core.shell:Creating prefix script '/home/zech/ros2_ws/src/eclipse_diffdrive/install/local_setup.zsh'
[0.258s] INFO:colcon.colcon_core.shell:Creating prefix chain script '/home/zech/ros2_ws/src/eclipse_diffdrive/install/setup.zsh'
