[0.007s] Invoking command in '/home/zech/ros2_ws/build/eclipse_diffdrive': CMAKE_PREFIX_PATH=/opt/ros/humble /usr/bin/cmake /home/zech/ros2_ws/src/eclipse_diffdrive -DCMAKE_INSTALL_PREFIX=/home/zech/ros2_ws/install/eclipse_diffdrive
[0.121s] -- The C compiler identification is GNU 11.4.0
[0.201s] -- The CXX compiler identification is GNU 11.4.0
[0.213s] -- Detecting C compiler ABI info
[0.288s] -- Detecting C compiler ABI info - done
[0.296s] -- Check for working C compiler: /usr/bin/cc - skipped
[0.296s] -- Detecting C compile features
[0.297s] -- Detecting C compile features - done
[0.300s] -- Detecting CXX compiler ABI info
[0.369s] -- Detecting CXX compiler ABI info - done
[0.374s] -- Check for working CXX compiler: /usr/bin/c++ - skipped
[0.374s] -- Detecting CXX compile features
[0.374s] -- Detecting CXX compile features - done
[0.377s] -- Found ament_cmake: 1.3.12 (/opt/ros/humble/share/ament_cmake/cmake)
[0.497s] -- Found Python3: /usr/bin/python3 (found version "3.10.12") found components: Interpreter 
[0.590s] -- Found xacro: 2.1.1 (/opt/ros/humble/share/xacro/cmake)
[0.633s] -- Configuring done
[0.634s] -- Generating done
[0.635s] -- Build files have been written to: /home/zech/ros2_ws/build/eclipse_diffdrive
[0.637s] Invoked command in '/home/zech/ros2_ws/build/eclipse_diffdrive' returned '0': CMAKE_PREFIX_PATH=/opt/ros/humble /usr/bin/cmake /home/zech/ros2_ws/src/eclipse_diffdrive -DCMAKE_INSTALL_PREFIX=/home/zech/ros2_ws/install/eclipse_diffdrive
[0.638s] Invoking command in '/home/zech/ros2_ws/build/eclipse_diffdrive': CMAKE_PREFIX_PATH=/opt/ros/humble /usr/bin/cmake --build /home/zech/ros2_ws/build/eclipse_diffdrive -- -j20 -l20
[0.675s] Invoked command in '/home/zech/ros2_ws/build/eclipse_diffdrive' returned '0': CMAKE_PREFIX_PATH=/opt/ros/humble /usr/bin/cmake --build /home/zech/ros2_ws/build/eclipse_diffdrive -- -j20 -l20
[0.684s] Invoking command in '/home/zech/ros2_ws/build/eclipse_diffdrive': CMAKE_PREFIX_PATH=/opt/ros/humble /usr/bin/cmake --install /home/zech/ros2_ws/build/eclipse_diffdrive
[0.693s] -- Install configuration: ""
[0.693s] -- Installing: /home/zech/ros2_ws/install/eclipse_diffdrive/share/eclipse_diffdrive/launch
[0.693s] -- Installing: /home/zech/ros2_ws/install/eclipse_diffdrive/share/eclipse_diffdrive/launch/sim.launch.py
[0.693s] -- Installing: /home/zech/ros2_ws/install/eclipse_diffdrive/share/eclipse_diffdrive/urdf
[0.693s] -- Installing: /home/zech/ros2_ws/install/eclipse_diffdrive/share/eclipse_diffdrive/urdf/eclipse_diffdrive.urdf.xacro
[0.694s] -- Installing: /home/zech/ros2_ws/install/eclipse_diffdrive/share/eclipse_diffdrive/config
[0.694s] -- Installing: /home/zech/ros2_ws/install/eclipse_diffdrive/share/eclipse_diffdrive/config/diffdrive_controller.yaml
[0.694s] -- Installing: /home/zech/ros2_ws/install/eclipse_diffdrive/share/eclipse_diffdrive/worlds
[0.694s] -- Installing: /home/zech/ros2_ws/install/eclipse_diffdrive/share/eclipse_diffdrive/worlds/empty.world.sdf
[0.694s] -- Installing: /home/zech/ros2_ws/install/eclipse_diffdrive/share/ament_index/resource_index/package_run_dependencies/eclipse_diffdrive
[0.694s] -- Installing: /home/zech/ros2_ws/install/eclipse_diffdrive/share/ament_index/resource_index/parent_prefix_path/eclipse_diffdrive
[0.694s] -- Installing: /home/zech/ros2_ws/install/eclipse_diffdrive/share/eclipse_diffdrive/environment/ament_prefix_path.sh
[0.694s] -- Installing: /home/zech/ros2_ws/install/eclipse_diffdrive/share/eclipse_diffdrive/environment/ament_prefix_path.dsv
[0.694s] -- Installing: /home/zech/ros2_ws/install/eclipse_diffdrive/share/eclipse_diffdrive/environment/path.sh
[0.694s] -- Installing: /home/zech/ros2_ws/install/eclipse_diffdrive/share/eclipse_diffdrive/environment/path.dsv
[0.694s] -- Installing: /home/zech/ros2_ws/install/eclipse_diffdrive/share/eclipse_diffdrive/local_setup.bash
[0.695s] -- Installing: /home/zech/ros2_ws/install/eclipse_diffdrive/share/eclipse_diffdrive/local_setup.sh
[0.695s] -- Installing: /home/zech/ros2_ws/install/eclipse_diffdrive/share/eclipse_diffdrive/local_setup.zsh
[0.695s] -- Installing: /home/zech/ros2_ws/install/eclipse_diffdrive/share/eclipse_diffdrive/local_setup.dsv
[0.695s] -- Installing: /home/zech/ros2_ws/install/eclipse_diffdrive/share/eclipse_diffdrive/package.dsv
[0.695s] -- Installing: /home/zech/ros2_ws/install/eclipse_diffdrive/share/ament_index/resource_index/packages/eclipse_diffdrive
[0.695s] -- Installing: /home/zech/ros2_ws/install/eclipse_diffdrive/share/eclipse_diffdrive/cmake/eclipse_diffdriveConfig.cmake
[0.695s] -- Installing: /home/zech/ros2_ws/install/eclipse_diffdrive/share/eclipse_diffdrive/cmake/eclipse_diffdriveConfig-version.cmake
[0.695s] -- Installing: /home/zech/ros2_ws/install/eclipse_diffdrive/share/eclipse_diffdrive/package.xml
[0.697s] Invoked command in '/home/zech/ros2_ws/build/eclipse_diffdrive' returned '0': CMAKE_PREFIX_PATH=/opt/ros/humble /usr/bin/cmake --install /home/zech/ros2_ws/build/eclipse_diffdrive
