[0.007s] Invoking command in '/home/zech/ros2_ws/build/eclipse_ackermann': CMAKE_PREFIX_PATH=${CMAKE_PREFIX_PATH}:/opt/ros/humble /usr/bin/cmake --build /home/zech/ros2_ws/build/eclipse_ackermann -- -j20 -l20
[0.042s] Invoked command in '/home/zech/ros2_ws/build/eclipse_ackermann' returned '0': CMAKE_PREFIX_PATH=${CMAKE_PREFIX_PATH}:/opt/ros/humble /usr/bin/cmake --build /home/zech/ros2_ws/build/eclipse_ackermann -- -j20 -l20
[0.053s] Invoking command in '/home/zech/ros2_ws/build/eclipse_ackermann': CMAKE_PREFIX_PATH=${CMAKE_PREFIX_PATH}:/opt/ros/humble /usr/bin/cmake --install /home/zech/ros2_ws/build/eclipse_ackermann
[0.061s] -- Install configuration: ""
[0.062s] -- Up-to-date: /home/zech/ros2_ws/install/eclipse_ackermann/share/eclipse_ackermann/launch
[0.062s] -- Up-to-date: /home/zech/ros2_ws/install/eclipse_ackermann/share/eclipse_ackermann/launch/sim.launch.py
[0.062s] -- Up-to-date: /home/zech/ros2_ws/install/eclipse_ackermann/share/eclipse_ackermann/urdf
[0.062s] -- Up-to-date: /home/zech/ros2_ws/install/eclipse_ackermann/share/eclipse_ackermann/urdf/eclipse_ackermann.urdf.xacro
[0.062s] -- Up-to-date: /home/zech/ros2_ws/install/eclipse_ackermann/share/eclipse_ackermann/config
[0.062s] -- Up-to-date: /home/zech/ros2_ws/install/eclipse_ackermann/share/eclipse_ackermann/worlds
[0.062s] -- Up-to-date: /home/zech/ros2_ws/install/eclipse_ackermann/share/eclipse_ackermann/worlds/empty.world.sdf
[0.062s] -- Up-to-date: /home/zech/ros2_ws/install/eclipse_ackermann/lib/eclipse_ackermann/pure_pursuit_ackermann.py
[0.062s] -- Up-to-date: /home/zech/ros2_ws/install/eclipse_ackermann/lib/eclipse_ackermann/pose_to_odom.py
[0.062s] -- Up-to-date: /home/zech/ros2_ws/install/eclipse_ackermann/share/ament_index/resource_index/package_run_dependencies/eclipse_ackermann
[0.062s] -- Up-to-date: /home/zech/ros2_ws/install/eclipse_ackermann/share/ament_index/resource_index/parent_prefix_path/eclipse_ackermann
[0.063s] -- Up-to-date: /home/zech/ros2_ws/install/eclipse_ackermann/share/eclipse_ackermann/environment/ament_prefix_path.sh
[0.063s] -- Up-to-date: /home/zech/ros2_ws/install/eclipse_ackermann/share/eclipse_ackermann/environment/ament_prefix_path.dsv
[0.063s] -- Up-to-date: /home/zech/ros2_ws/install/eclipse_ackermann/share/eclipse_ackermann/environment/path.sh
[0.063s] -- Up-to-date: /home/zech/ros2_ws/install/eclipse_ackermann/share/eclipse_ackermann/environment/path.dsv
[0.063s] -- Up-to-date: /home/zech/ros2_ws/install/eclipse_ackermann/share/eclipse_ackermann/local_setup.bash
[0.063s] -- Up-to-date: /home/zech/ros2_ws/install/eclipse_ackermann/share/eclipse_ackermann/local_setup.sh
[0.063s] -- Up-to-date: /home/zech/ros2_ws/install/eclipse_ackermann/share/eclipse_ackermann/local_setup.zsh
[0.063s] -- Up-to-date: /home/zech/ros2_ws/install/eclipse_ackermann/share/eclipse_ackermann/local_setup.dsv
[0.063s] -- Installing: /home/zech/ros2_ws/install/eclipse_ackermann/share/eclipse_ackermann/package.dsv
[0.063s] -- Up-to-date: /home/zech/ros2_ws/install/eclipse_ackermann/share/ament_index/resource_index/packages/eclipse_ackermann
[0.064s] -- Up-to-date: /home/zech/ros2_ws/install/eclipse_ackermann/share/eclipse_ackermann/cmake/eclipse_ackermannConfig.cmake
[0.064s] -- Up-to-date: /home/zech/ros2_ws/install/eclipse_ackermann/share/eclipse_ackermann/cmake/eclipse_ackermannConfig-version.cmake
[0.064s] -- Up-to-date: /home/zech/ros2_ws/install/eclipse_ackermann/share/eclipse_ackermann/package.xml
[0.065s] Invoked command in '/home/zech/ros2_ws/build/eclipse_ackermann' returned '0': CMAKE_PREFIX_PATH=${CMAKE_PREFIX_PATH}:/opt/ros/humble /usr/bin/cmake --install /home/zech/ros2_ws/build/eclipse_ackermann
