[0.005s] Invoking command in '/home/zech/ros2_ws/src/eclipse_diffdrive/build/eclipse_diffdrive': CMAKE_PREFIX_PATH=/opt/ros/humble /usr/bin/cmake /home/zech/ros2_ws/src/eclipse_diffdrive -DCMAKE_INSTALL_PREFIX=/home/zech/ros2_ws/src/eclipse_diffdrive/install/eclipse_diffdrive
[0.110s] -- The C compiler identification is GNU 11.4.0
[0.187s] -- The CXX compiler identification is GNU 11.4.0
[0.193s] -- Detecting C compiler ABI info
[0.274s] -- Detecting C compiler ABI info - done
[0.283s] -- Check for working C compiler: /usr/bin/cc - skipped
[0.283s] -- Detecting C compile features
[0.284s] -- Detecting C compile features - done
[0.288s] -- Detecting CXX compiler ABI info
[0.376s] -- Detecting CXX compiler ABI info - done
[0.383s] -- Check for working CXX compiler: /usr/bin/c++ - skipped
[0.383s] -- Detecting CXX compile features
[0.383s] -- Detecting CXX compile features - done
[0.386s] -- Found ament_cmake: 1.3.12 (/opt/ros/humble/share/ament_cmake/cmake)
[0.498s] -- Found Python3: /usr/bin/python3 (found version "3.10.12") found components: Interpreter 
[0.568s] -- Found xacro: 2.1.1 (/opt/ros/humble/share/xacro/cmake)
[0.611s] -- Configuring done
[0.612s] -- Generating done
[0.612s] -- Build files have been written to: /home/zech/ros2_ws/src/eclipse_diffdrive/build/eclipse_diffdrive
[0.615s] Invoked command in '/home/zech/ros2_ws/src/eclipse_diffdrive/build/eclipse_diffdrive' returned '0': CMAKE_PREFIX_PATH=/opt/ros/humble /usr/bin/cmake /home/zech/ros2_ws/src/eclipse_diffdrive -DCMAKE_INSTALL_PREFIX=/home/zech/ros2_ws/src/eclipse_diffdrive/install/eclipse_diffdrive
[0.616s] Invoking command in '/home/zech/ros2_ws/src/eclipse_diffdrive/build/eclipse_diffdrive': CMAKE_PREFIX_PATH=/opt/ros/humble /usr/bin/cmake --build /home/zech/ros2_ws/src/eclipse_diffdrive/build/eclipse_diffdrive -- -j20 -l20
[0.649s] Invoked command in '/home/zech/ros2_ws/src/eclipse_diffdrive/build/eclipse_diffdrive' returned '0': CMAKE_PREFIX_PATH=/opt/ros/humble /usr/bin/cmake --build /home/zech/ros2_ws/src/eclipse_diffdrive/build/eclipse_diffdrive -- -j20 -l20
[0.660s] Invoking command in '/home/zech/ros2_ws/src/eclipse_diffdrive/build/eclipse_diffdrive': CMAKE_PREFIX_PATH=/opt/ros/humble /usr/bin/cmake --install /home/zech/ros2_ws/src/eclipse_diffdrive/build/eclipse_diffdrive
[0.667s] -- Install configuration: ""
[0.667s] -- Installing: /home/zech/ros2_ws/src/eclipse_diffdrive/install/eclipse_diffdrive/share/eclipse_diffdrive/launch
[0.668s] -- Installing: /home/zech/ros2_ws/src/eclipse_diffdrive/install/eclipse_diffdrive/share/eclipse_diffdrive/launch/sim.launch.py
[0.668s] -- Installing: /home/zech/ros2_ws/src/eclipse_diffdrive/install/eclipse_diffdrive/share/eclipse_diffdrive/urdf
[0.668s] -- Installing: /home/zech/ros2_ws/src/eclipse_diffdrive/install/eclipse_diffdrive/share/eclipse_diffdrive/urdf/eclipse_diffdrive.urdf.xacro
[0.668s] -- Installing: /home/zech/ros2_ws/src/eclipse_diffdrive/install/eclipse_diffdrive/share/eclipse_diffdrive/config
[0.668s] -- Installing: /home/zech/ros2_ws/src/eclipse_diffdrive/install/eclipse_diffdrive/share/eclipse_diffdrive/config/diffdrive_controller.yaml
[0.668s] -- Installing: /home/zech/ros2_ws/src/eclipse_diffdrive/install/eclipse_diffdrive/share/eclipse_diffdrive/worlds
[0.668s] -- Installing: /home/zech/ros2_ws/src/eclipse_diffdrive/install/eclipse_diffdrive/share/eclipse_diffdrive/worlds/empty.world.sdf
[0.668s] -- Installing: /home/zech/ros2_ws/src/eclipse_diffdrive/install/eclipse_diffdrive/share/ament_index/resource_index/package_run_dependencies/eclipse_diffdrive
[0.668s] -- Installing: /home/zech/ros2_ws/src/eclipse_diffdrive/install/eclipse_diffdrive/share/ament_index/resource_index/parent_prefix_path/eclipse_diffdrive
[0.668s] -- Installing: /home/zech/ros2_ws/src/eclipse_diffdrive/install/eclipse_diffdrive/share/eclipse_diffdrive/environment/ament_prefix_path.sh
[0.668s] -- Installing: /home/zech/ros2_ws/src/eclipse_diffdrive/install/eclipse_diffdrive/share/eclipse_diffdrive/environment/ament_prefix_path.dsv
[0.668s] -- Installing: /home/zech/ros2_ws/src/eclipse_diffdrive/install/eclipse_diffdrive/share/eclipse_diffdrive/environment/path.sh
[0.668s] -- Installing: /home/zech/ros2_ws/src/eclipse_diffdrive/install/eclipse_diffdrive/share/eclipse_diffdrive/environment/path.dsv
[0.668s] -- Installing: /home/zech/ros2_ws/src/eclipse_diffdrive/install/eclipse_diffdrive/share/eclipse_diffdrive/local_setup.bash
[0.669s] -- Installing: /home/zech/ros2_ws/src/eclipse_diffdrive/install/eclipse_diffdrive/share/eclipse_diffdrive/local_setup.sh
[0.669s] -- Installing: /home/zech/ros2_ws/src/eclipse_diffdrive/install/eclipse_diffdrive/share/eclipse_diffdrive/local_setup.zsh
[0.669s] -- Installing: /home/zech/ros2_ws/src/eclipse_diffdrive/install/eclipse_diffdrive/share/eclipse_diffdrive/local_setup.dsv
[0.669s] -- Installing: /home/zech/ros2_ws/src/eclipse_diffdrive/install/eclipse_diffdrive/share/eclipse_diffdrive/package.dsv
[0.669s] -- Installing: /home/zech/ros2_ws/src/eclipse_diffdrive/install/eclipse_diffdrive/share/ament_index/resource_index/packages/eclipse_diffdrive
[0.669s] -- Installing: /home/zech/ros2_ws/src/eclipse_diffdrive/install/eclipse_diffdrive/share/eclipse_diffdrive/cmake/eclipse_diffdriveConfig.cmake
[0.669s] -- Installing: /home/zech/ros2_ws/src/eclipse_diffdrive/install/eclipse_diffdrive/share/eclipse_diffdrive/cmake/eclipse_diffdriveConfig-version.cmake
[0.669s] -- Installing: /home/zech/ros2_ws/src/eclipse_diffdrive/install/eclipse_diffdrive/share/eclipse_diffdrive/package.xml
[0.671s] Invoked command in '/home/zech/ros2_ws/src/eclipse_diffdrive/build/eclipse_diffdrive' returned '0': CMAKE_PREFIX_PATH=/opt/ros/humble /usr/bin/cmake --install /home/zech/ros2_ws/src/eclipse_diffdrive/build/eclipse_diffdrive
