[0.007s] Invoking command in '/home/zech/ros2_ws/build/eclipse_diffdrive': CMAKE_PREFIX_PATH=${CMAKE_PREFIX_PATH}:/opt/ros/humble /usr/bin/cmake --build /home/zech/ros2_ws/build/eclipse_diffdrive -- -j20 -l20
[0.023s] -- Found ament_cmake: 1.3.12 (/opt/ros/humble/share/ament_cmake/cmake)
[0.095s] -- Found xacro: 2.1.1 (/opt/ros/humble/share/xacro/cmake)
[0.095s] -- Found rclpy: 3.3.17 (/opt/ros/humble/share/rclpy/cmake)
[0.095s] -- Found geometry_msgs: 4.9.0 (/opt/ros/humble/share/geometry_msgs/cmake)
[0.107s] -- Found rosidl_generator_c: 3.1.7 (/opt/ros/humble/share/rosidl_generator_c/cmake)
[0.109s] -- Found rosidl_adapter: 3.1.7 (/opt/ros/humble/share/rosidl_adapter/cmake)
[0.112s] -- Found rosidl_generator_cpp: 3.1.7 (/opt/ros/humble/share/rosidl_generator_cpp/cmake)
[0.117s] -- Using all available rosidl_typesupport_c: rosidl_typesupport_fastrtps_c;rosidl_typesupport_introspection_c
[0.123s] -- Using all available rosidl_typesupport_cpp: rosidl_typesupport_fastrtps_cpp;rosidl_typesupport_introspection_cpp
[0.173s] -- Configuring done
[0.174s] -- Generating done
[0.175s] -- Build files have been written to: /home/zech/ros2_ws/build/eclipse_diffdrive
[0.193s] Invoked command in '/home/zech/ros2_ws/build/eclipse_diffdrive' returned '0': CMAKE_PREFIX_PATH=${CMAKE_PREFIX_PATH}:/opt/ros/humble /usr/bin/cmake --build /home/zech/ros2_ws/build/eclipse_diffdrive -- -j20 -l20
[0.199s] Invoking command in '/home/zech/ros2_ws/build/eclipse_diffdrive': CMAKE_PREFIX_PATH=${CMAKE_PREFIX_PATH}:/opt/ros/humble /usr/bin/cmake --install /home/zech/ros2_ws/build/eclipse_diffdrive
[0.205s] -- Install configuration: ""
[0.205s] -- Up-to-date: /home/zech/ros2_ws/install/eclipse_diffdrive/share/eclipse_diffdrive/launch
[0.205s] -- Up-to-date: /home/zech/ros2_ws/install/eclipse_diffdrive/share/eclipse_diffdrive/launch/sim.launch.py
[0.205s] -- Up-to-date: /home/zech/ros2_ws/install/eclipse_diffdrive/share/eclipse_diffdrive/urdf
[0.205s] -- Installing: /home/zech/ros2_ws/install/eclipse_diffdrive/share/eclipse_diffdrive/urdf/eclipse_diffdrive.urdf
[0.205s] -- Up-to-date: /home/zech/ros2_ws/install/eclipse_diffdrive/share/eclipse_diffdrive/urdf/eclipse_diffdrive.urdf.xacro
[0.205s] -- Up-to-date: /home/zech/ros2_ws/install/eclipse_diffdrive/share/eclipse_diffdrive/config
[0.205s] -- Up-to-date: /home/zech/ros2_ws/install/eclipse_diffdrive/share/eclipse_diffdrive/config/diffdrive_controller.yaml
[0.205s] -- Up-to-date: /home/zech/ros2_ws/install/eclipse_diffdrive/share/eclipse_diffdrive/worlds
[0.205s] -- Up-to-date: /home/zech/ros2_ws/install/eclipse_diffdrive/share/eclipse_diffdrive/worlds/empty.world.sdf
[0.205s] -- Up-to-date: /home/zech/ros2_ws/install/eclipse_diffdrive/lib/eclipse_diffdrive/drive_forward.py
[0.205s] -- Up-to-date: /home/zech/ros2_ws/install/eclipse_diffdrive/lib/eclipse_diffdrive/lateral_pid.py
[0.205s] -- Installing: /home/zech/ros2_ws/install/eclipse_diffdrive/lib/eclipse_diffdrive/move_to_point.py
[0.206s] -- Up-to-date: /home/zech/ros2_ws/install/eclipse_diffdrive/lib/eclipse_diffdrive/turn_pid.py
[0.206s] -- Up-to-date: /home/zech/ros2_ws/install/eclipse_diffdrive/share/ament_index/resource_index/package_run_dependencies/eclipse_diffdrive
[0.206s] -- Up-to-date: /home/zech/ros2_ws/install/eclipse_diffdrive/share/ament_index/resource_index/parent_prefix_path/eclipse_diffdrive
[0.206s] -- Up-to-date: /home/zech/ros2_ws/install/eclipse_diffdrive/share/eclipse_diffdrive/environment/ament_prefix_path.sh
[0.206s] -- Installing: /home/zech/ros2_ws/install/eclipse_diffdrive/share/eclipse_diffdrive/environment/ament_prefix_path.dsv
[0.206s] -- Up-to-date: /home/zech/ros2_ws/install/eclipse_diffdrive/share/eclipse_diffdrive/environment/path.sh
[0.206s] -- Installing: /home/zech/ros2_ws/install/eclipse_diffdrive/share/eclipse_diffdrive/environment/path.dsv
[0.206s] -- Up-to-date: /home/zech/ros2_ws/install/eclipse_diffdrive/share/eclipse_diffdrive/local_setup.bash
[0.206s] -- Up-to-date: /home/zech/ros2_ws/install/eclipse_diffdrive/share/eclipse_diffdrive/local_setup.sh
[0.206s] -- Up-to-date: /home/zech/ros2_ws/install/eclipse_diffdrive/share/eclipse_diffdrive/local_setup.zsh
[0.206s] -- Installing: /home/zech/ros2_ws/install/eclipse_diffdrive/share/eclipse_diffdrive/local_setup.dsv
[0.206s] -- Installing: /home/zech/ros2_ws/install/eclipse_diffdrive/share/eclipse_diffdrive/package.dsv
[0.206s] -- Up-to-date: /home/zech/ros2_ws/install/eclipse_diffdrive/share/ament_index/resource_index/packages/eclipse_diffdrive
[0.206s] -- Up-to-date: /home/zech/ros2_ws/install/eclipse_diffdrive/share/eclipse_diffdrive/cmake/eclipse_diffdriveConfig.cmake
[0.206s] -- Up-to-date: /home/zech/ros2_ws/install/eclipse_diffdrive/share/eclipse_diffdrive/cmake/eclipse_diffdriveConfig-version.cmake
[0.206s] -- Up-to-date: /home/zech/ros2_ws/install/eclipse_diffdrive/share/eclipse_diffdrive/package.xml
[0.207s] Invoked command in '/home/zech/ros2_ws/build/eclipse_diffdrive' returned '0': CMAKE_PREFIX_PATH=${CMAKE_PREFIX_PATH}:/opt/ros/humble /usr/bin/cmake --install /home/zech/ros2_ws/build/eclipse_diffdrive
