-- Install configuration: ""
-- Up-to-date: /home/zech/ros2_ws/install/eclipse_diffdrive/share/eclipse_diffdrive/launch
-- Up-to-date: /home/zech/ros2_ws/install/eclipse_diffdrive/share/eclipse_diffdrive/launch/sim.launch.py
-- Up-to-date: /home/zech/ros2_ws/install/eclipse_diffdrive/share/eclipse_diffdrive/urdf
-- Installing: /home/zech/ros2_ws/install/eclipse_diffdrive/share/eclipse_diffdrive/urdf/eclipse_diffdrive.urdf
-- Up-to-date: /home/zech/ros2_ws/install/eclipse_diffdrive/share/eclipse_diffdrive/urdf/eclipse_diffdrive.urdf.xacro
-- Up-to-date: /home/zech/ros2_ws/install/eclipse_diffdrive/share/eclipse_diffdrive/config
-- Up-to-date: /home/zech/ros2_ws/install/eclipse_diffdrive/share/eclipse_diffdrive/config/diffdrive_controller.yaml
-- Up-to-date: /home/zech/ros2_ws/install/eclipse_diffdrive/share/eclipse_diffdrive/worlds
-- Up-to-date: /home/zech/ros2_ws/install/eclipse_diffdrive/share/eclipse_diffdrive/worlds/empty.world.sdf
-- Up-to-date: /home/zech/ros2_ws/install/eclipse_diffdrive/lib/eclipse_diffdrive/drive_forward.py
-- Up-to-date: /home/zech/ros2_ws/install/eclipse_diffdrive/lib/eclipse_diffdrive/lateral_pid.py
-- Up-to-date: /home/zech/ros2_ws/install/eclipse_diffdrive/lib/eclipse_diffdrive/move_to_point.py
-- Up-to-date: /home/zech/ros2_ws/install/eclipse_diffdrive/lib/eclipse_diffdrive/turn_pid.py
-- Installing: /home/zech/ros2_ws/install/eclipse_diffdrive/lib/eclipse_diffdrive/pure_pursuit.py
-- Up-to-date: /home/zech/ros2_ws/install/eclipse_diffdrive/share/ament_index/resource_index/package_run_dependencies/eclipse_diffdrive
-- Up-to-date: /home/zech/ros2_ws/install/eclipse_diffdrive/share/ament_index/resource_index/parent_prefix_path/eclipse_diffdrive
-- Up-to-date: /home/zech/ros2_ws/install/eclipse_diffdrive/share/eclipse_diffdrive/environment/ament_prefix_path.sh
-- Up-to-date: /home/zech/ros2_ws/install/eclipse_diffdrive/share/eclipse_diffdrive/environment/ament_prefix_path.dsv
-- Up-to-date: /home/zech/ros2_ws/install/eclipse_diffdrive/share/eclipse_diffdrive/environment/path.sh
-- Up-to-date: /home/zech/ros2_ws/install/eclipse_diffdrive/share/eclipse_diffdrive/environment/path.dsv
-- Up-to-date: /home/zech/ros2_ws/install/eclipse_diffdrive/share/eclipse_diffdrive/local_setup.bash
-- Up-to-date: /home/zech/ros2_ws/install/eclipse_diffdrive/share/eclipse_diffdrive/local_setup.sh
-- Up-to-date: /home/zech/ros2_ws/install/eclipse_diffdrive/share/eclipse_diffdrive/local_setup.zsh
-- Up-to-date: /home/zech/ros2_ws/install/eclipse_diffdrive/share/eclipse_diffdrive/local_setup.dsv
-- Up-to-date: /home/zech/ros2_ws/install/eclipse_diffdrive/share/eclipse_diffdrive/package.dsv
-- Up-to-date: /home/zech/ros2_ws/install/eclipse_diffdrive/share/ament_index/resource_index/packages/eclipse_diffdrive
-- Up-to-date: /home/zech/ros2_ws/install/eclipse_diffdrive/share/eclipse_diffdrive/cmake/eclipse_diffdriveConfig.cmake
-- Up-to-date: /home/zech/ros2_ws/install/eclipse_diffdrive/share/eclipse_diffdrive/cmake/eclipse_diffdriveConfig-version.cmake
-- Up-to-date: /home/zech/ros2_ws/install/eclipse_diffdrive/share/eclipse_diffdrive/package.xml
